e:\onedrive - the university of nottingham\program\cpp\repository\cw2\debug\courseworkbase2020.bsc
e:\onedrive - the university of nottingham\program\cpp\repository\cw2\debug\vc142.pdb
e:\onedrive - the university of nottingham\program\cpp\repository\cw2\debug\behemoth.sbr
e:\onedrive - the university of nottingham\program\cpp\repository\cw2\debug\bossbullet.sbr
e:\onedrive - the university of nottingham\program\cpp\repository\cw2\debug\bullet.sbr
e:\onedrive - the university of nottingham\program\cpp\repository\cw2\debug\character.sbr
e:\onedrive - the university of nottingham\program\cpp\repository\cw2\debug\collisionutil.sbr
e:\onedrive - the university of nottingham\program\cpp\repository\cw2\debug\context.sbr
e:\onedrive - the university of nottingham\program\cpp\repository\cw2\debug\draggingdemo.sbr
e:\onedrive - the university of nottingham\program\cpp\repository\cw2\debug\drawingsurface.sbr
e:\onedrive - the university of nottingham\program\cpp\repository\cw2\debug\enemy.sbr
e:\onedrive - the university of nottingham\program\cpp\repository\cw2\debug\enemyfactory.sbr
e:\onedrive - the university of nottingham\program\cpp\repository\cw2\debug\episode1state.sbr
e:\onedrive - the university of nottingham\program\cpp\repository\cw2\debug\episode2state.sbr
e:\onedrive - the university of nottingham\program\cpp\repository\cw2\debug\episode3state.sbr
e:\onedrive - the university of nottingham\program\cpp\repository\cw2\debug\fileutils.sbr
e:\onedrive - the university of nottingham\program\cpp\repository\cw2\debug\firebullet.sbr
e:\onedrive - the university of nottingham\program\cpp\repository\cw2\debug\flashingdemo.sbr
e:\onedrive - the university of nottingham\program\cpp\repository\cw2\debug\goblin.sbr
e:\onedrive - the university of nottingham\program\cpp\repository\cw2\debug\goblinbullet.sbr
e:\onedrive - the university of nottingham\program\cpp\repository\cw2\debug\hero.sbr
e:\onedrive - the university of nottingham\program\cpp\repository\cw2\debug\herobullet.sbr
e:\onedrive - the university of nottingham\program\cpp\repository\cw2\debug\herobullet.obj
e:\onedrive - the university of nottingham\program\cpp\repository\cw2\debug\hero.obj
e:\onedrive - the university of nottingham\program\cpp\repository\cw2\debug\goblinbullet.obj
e:\onedrive - the university of nottingham\program\cpp\repository\cw2\debug\goblin.obj
e:\onedrive - the university of nottingham\program\cpp\repository\cw2\debug\flashingdemo.obj
e:\onedrive - the university of nottingham\program\cpp\repository\cw2\debug\firebullet.obj
e:\onedrive - the university of nottingham\program\cpp\repository\cw2\debug\fileutils.obj
e:\onedrive - the university of nottingham\program\cpp\repository\cw2\debug\episode3state.obj
e:\onedrive - the university of nottingham\program\cpp\repository\cw2\debug\episode2state.obj
e:\onedrive - the university of nottingham\program\cpp\repository\cw2\debug\episode1state.obj
e:\onedrive - the university of nottingham\program\cpp\repository\cw2\debug\enemyfactory.obj
e:\onedrive - the university of nottingham\program\cpp\repository\cw2\debug\enemy.obj
e:\onedrive - the university of nottingham\program\cpp\repository\cw2\debug\drawingsurface.obj
e:\onedrive - the university of nottingham\program\cpp\repository\cw2\debug\draggingdemo.obj
e:\onedrive - the university of nottingham\program\cpp\repository\cw2\debug\context.obj
e:\onedrive - the university of nottingham\program\cpp\repository\cw2\debug\collisionutil.obj
e:\onedrive - the university of nottingham\program\cpp\repository\cw2\debug\character.obj
e:\onedrive - the university of nottingham\program\cpp\repository\cw2\debug\bullet.obj
e:\onedrive - the university of nottingham\program\cpp\repository\cw2\debug\bossbullet.obj
e:\onedrive - the university of nottingham\program\cpp\repository\cw2\debug\behemoth.obj
e:\onedrive - the university of nottingham\program\cpp\repository\cw2\debug\imagemappingdemo.sbr
e:\onedrive - the university of nottingham\program\cpp\repository\cw2\debug\itemtile.sbr
e:\onedrive - the university of nottingham\program\cpp\repository\cw2\debug\largeenergytile.sbr
e:\onedrive - the university of nottingham\program\cpp\repository\cw2\debug\largemedicinetile.sbr
e:\onedrive - the university of nottingham\program\cpp\repository\cw2\debug\losestate.sbr
e:\onedrive - the university of nottingham\program\cpp\repository\cw2\debug\mainfunction.sbr
e:\onedrive - the university of nottingham\program\cpp\repository\cw2\debug\baseengine.sbr
e:\onedrive - the university of nottingham\program\cpp\repository\cw2\debug\displayableobject.sbr
e:\onedrive - the university of nottingham\program\cpp\repository\cw2\debug\fontmanager.sbr
e:\onedrive - the university of nottingham\program\cpp\repository\cw2\debug\mapstate.sbr
e:\onedrive - the university of nottingham\program\cpp\repository\cw2\debug\orc.sbr
e:\onedrive - the university of nottingham\program\cpp\repository\cw2\debug\orcbullet.sbr
e:\onedrive - the university of nottingham\program\cpp\repository\cw2\debug\pausestate.sbr
e:\onedrive - the university of nottingham\program\cpp\repository\cw2\debug\poisontile.sbr
e:\onedrive - the university of nottingham\program\cpp\repository\cw2\debug\radianutil.sbr
e:\onedrive - the university of nottingham\program\cpp\repository\cw2\debug\roulettewheelselection.sbr
e:\onedrive - the university of nottingham\program\cpp\repository\cw2\debug\runningstate.sbr
e:\onedrive - the university of nottingham\program\cpp\repository\cw2\debug\scyjl15engine.sbr
e:\onedrive - the university of nottingham\program\cpp\repository\cw2\debug\serializationutil.sbr
e:\onedrive - the university of nottingham\program\cpp\repository\cw2\debug\settingstate.sbr
e:\onedrive - the university of nottingham\program\cpp\repository\cw2\debug\settingstate.obj
e:\onedrive - the university of nottingham\program\cpp\repository\cw2\debug\serializationutil.obj
e:\onedrive - the university of nottingham\program\cpp\repository\cw2\debug\scyjl15engine.obj
e:\onedrive - the university of nottingham\program\cpp\repository\cw2\debug\runningstate.obj
e:\onedrive - the university of nottingham\program\cpp\repository\cw2\debug\roulettewheelselection.obj
e:\onedrive - the university of nottingham\program\cpp\repository\cw2\debug\radianutil.obj
e:\onedrive - the university of nottingham\program\cpp\repository\cw2\debug\poisontile.obj
e:\onedrive - the university of nottingham\program\cpp\repository\cw2\debug\pausestate.obj
e:\onedrive - the university of nottingham\program\cpp\repository\cw2\debug\orcbullet.obj
e:\onedrive - the university of nottingham\program\cpp\repository\cw2\debug\orc.obj
e:\onedrive - the university of nottingham\program\cpp\repository\cw2\debug\mapstate.obj
e:\onedrive - the university of nottingham\program\cpp\repository\cw2\debug\fontmanager.obj
e:\onedrive - the university of nottingham\program\cpp\repository\cw2\debug\displayableobject.obj
e:\onedrive - the university of nottingham\program\cpp\repository\cw2\debug\baseengine.obj
e:\onedrive - the university of nottingham\program\cpp\repository\cw2\debug\mainfunction.obj
e:\onedrive - the university of nottingham\program\cpp\repository\cw2\debug\losestate.obj
e:\onedrive - the university of nottingham\program\cpp\repository\cw2\debug\largemedicinetile.obj
e:\onedrive - the university of nottingham\program\cpp\repository\cw2\debug\largeenergytile.obj
e:\onedrive - the university of nottingham\program\cpp\repository\cw2\debug\itemtile.obj
e:\onedrive - the university of nottingham\program\cpp\repository\cw2\debug\imagemappingdemo.obj
e:\onedrive - the university of nottingham\program\cpp\repository\cw2\debug\simpleimage.sbr
e:\onedrive - the university of nottingham\program\cpp\repository\cw2\debug\simpledemo.sbr
e:\onedrive - the university of nottingham\program\cpp\repository\cw2\debug\skeleton.sbr
e:\onedrive - the university of nottingham\program\cpp\repository\cw2\debug\smallenergytile.sbr
e:\onedrive - the university of nottingham\program\cpp\repository\cw2\debug\smallmedicinetile.sbr
e:\onedrive - the university of nottingham\program\cpp\repository\cw2\debug\state.sbr
e:\onedrive - the university of nottingham\program\cpp\repository\cw2\debug\starfielddemo.sbr
e:\onedrive - the university of nottingham\program\cpp\repository\cw2\debug\startstate.sbr
e:\onedrive - the university of nottingham\program\cpp\repository\cw2\debug\storystate.sbr
e:\onedrive - the university of nottingham\program\cpp\repository\cw2\debug\tilemanager.sbr
e:\onedrive - the university of nottingham\program\cpp\repository\cw2\debug\bouncingball.sbr
e:\onedrive - the university of nottingham\program\cpp\repository\cw2\debug\bouncingballmain.sbr
e:\onedrive - the university of nottingham\program\cpp\repository\cw2\debug\timeutil.sbr
e:\onedrive - the university of nottingham\program\cpp\repository\cw2\debug\winstate.sbr
e:\onedrive - the university of nottingham\program\cpp\repository\cw2\debug\wizard.sbr
e:\onedrive - the university of nottingham\program\cpp\repository\cw2\debug\zoomingdemo.sbr
e:\onedrive - the university of nottingham\program\cpp\repository\cw2\debug\zoomingdemo.obj
e:\onedrive - the university of nottingham\program\cpp\repository\cw2\debug\wizard.obj
e:\onedrive - the university of nottingham\program\cpp\repository\cw2\debug\winstate.obj
e:\onedrive - the university of nottingham\program\cpp\repository\cw2\debug\timeutil.obj
e:\onedrive - the university of nottingham\program\cpp\repository\cw2\debug\bouncingballmain.obj
e:\onedrive - the university of nottingham\program\cpp\repository\cw2\debug\bouncingball.obj
e:\onedrive - the university of nottingham\program\cpp\repository\cw2\debug\tilemanager.obj
e:\onedrive - the university of nottingham\program\cpp\repository\cw2\debug\storystate.obj
e:\onedrive - the university of nottingham\program\cpp\repository\cw2\debug\startstate.obj
e:\onedrive - the university of nottingham\program\cpp\repository\cw2\debug\starfielddemo.obj
e:\onedrive - the university of nottingham\program\cpp\repository\cw2\debug\state.obj
e:\onedrive - the university of nottingham\program\cpp\repository\cw2\debug\smallmedicinetile.obj
e:\onedrive - the university of nottingham\program\cpp\repository\cw2\debug\smallenergytile.obj
e:\onedrive - the university of nottingham\program\cpp\repository\cw2\debug\skeleton.obj
e:\onedrive - the university of nottingham\program\cpp\repository\cw2\debug\simpledemo.obj
e:\onedrive - the university of nottingham\program\cpp\repository\cw2\debug\simpleimage.obj
e:\onedrive - the university of nottingham\program\cpp\repository\cw2\debug\mazedemomain.sbr
e:\onedrive - the university of nottingham\program\cpp\repository\cw2\debug\mazedemoobject.sbr
e:\onedrive - the university of nottingham\program\cpp\repository\cw2\debug\mazedemotilemanager.sbr
e:\onedrive - the university of nottingham\program\cpp\repository\cw2\debug\mazedemotilemanager.obj
e:\onedrive - the university of nottingham\program\cpp\repository\cw2\debug\mazedemoobject.obj
e:\onedrive - the university of nottingham\program\cpp\repository\cw2\debug\mazedemomain.obj
e:\onedrive - the university of nottingham\program\cpp\repository\cw2\debug\courseworkbase2020.exe
e:\onedrive - the university of nottingham\program\cpp\repository\cw2\debug\courseworkbase2020.ilk
e:\onedrive - the university of nottingham\program\cpp\repository\cw2\src\map
e:\onedrive - the university of nottingham\program\cpp\repository\cw2\debug\courseworkbase2020.pdb
e:\onedrive - the university of nottingham\program\cpp\repository\cw2\/debug\courseworkbase2020.pdb
e:\onedrive - the university of nottingham\program\cpp\repository\cw2\/debug\courseworkbase2020.bsc
e:\onedrive - the university of nottingham\program\cpp\repository\cw2\/debug\courseworkbase2020.ilk
e:\onedrive - the university of nottingham\program\cpp\repository\cw2\debug\coursewo.63f64093.tlog\bscmake.command.1.tlog
e:\onedrive - the university of nottingham\program\cpp\repository\cw2\debug\coursewo.63f64093.tlog\bscmake.read.1.tlog
e:\onedrive - the university of nottingham\program\cpp\repository\cw2\debug\coursewo.63f64093.tlog\bscmake.write.1.tlog
e:\onedrive - the university of nottingham\program\cpp\repository\cw2\debug\coursewo.63f64093.tlog\cl.command.1.tlog
e:\onedrive - the university of nottingham\program\cpp\repository\cw2\debug\coursewo.63f64093.tlog\cl.read.1.tlog
e:\onedrive - the university of nottingham\program\cpp\repository\cw2\debug\coursewo.63f64093.tlog\cl.write.1.tlog
e:\onedrive - the university of nottingham\program\cpp\repository\cw2\debug\coursewo.63f64093.tlog\link.command.1.tlog
e:\onedrive - the university of nottingham\program\cpp\repository\cw2\debug\coursewo.63f64093.tlog\link.read.1.tlog
e:\onedrive - the university of nottingham\program\cpp\repository\cw2\debug\coursewo.63f64093.tlog\link.write.1.tlog
